<?xml version="1.0" encoding="UTF-8"?>
<!-- Generated by org.testng.reporters.JUnitReportReporter -->
<testsuite hostname="CPC-AP-1QY2UNB9" failures="0" tests="1" name="Axeplaywright.Axeplaywright.ExcludeRulesAndWebelement" time="19.228" errors="0" timestamp="2025-01-31T15:33:21 IST" skipped="0">
  <testcase classname="Axeplaywright.Axeplaywright.ExcludeRulesAndWebelement" name="shouldNotHaveAutomaticallyDetectableAccessibilityIssues" time="19.228"/>
</testsuite> <!-- Axeplaywright.Axeplaywright.ExcludeRulesAndWebelement -->
