<?xml version="1.0" encoding="UTF-8"?>
<!-- Generated by org.testng.reporters.JUnitReportReporter -->
<testsuite hostname="CPC-AP-1QY2UNB9" failures="0" tests="1" name="Axeplaywright.Axeplaywright.AxeAccessibilityimplementation" time="24.175" errors="0" timestamp="2025-02-11T11:16:09 IST" skipped="0">
  <testcase classname="Axeplaywright.Axeplaywright.AxeAccessibilityimplementation" name="shouldNotHaveAutomaticallyDetectableAccessibilityIssues" time="24.175"/>
</testsuite> <!-- Axeplaywright.Axeplaywright.AxeAccessibilityimplementation -->
