<?xml version="1.0" encoding="UTF-8"?>
<!-- Generated by org.testng.reporters.JUnitReportReporter -->
<testsuite hostname="CPC-AP-1QY2UNB9" failures="0" tests="1" name="Axeplaywright.Axeplaywright.WCAGNONWCAG" time="20.073" errors="0" timestamp="2025-01-10T15:44:03 IST" skipped="0">
  <testcase classname="Axeplaywright.Axeplaywright.WCAGNONWCAG" name="shouldNotHaveAutomaticallyDetectableAccessibilityIssues" time="20.073"/>
</testsuite> <!-- Axeplaywright.Axeplaywright.WCAGNONWCAG -->
