<?xml version="1.0" encoding="UTF-8"?>
<!-- Generated by org.testng.reporters.JUnitReportReporter -->
<testsuite hostname="CPC-AP-1QY2UNB9" failures="0" tests="1" name="Axeplaywright.Axeplaywright.ChatGPTframwork" time="42.414" errors="0" timestamp="2025-01-21T16:16:23 IST" skipped="0">
  <testcase classname="Axeplaywright.Axeplaywright.ChatGPTframwork" name="shouldNotHaveAutomaticallyDetectableAccessibilityIssues" time="42.414"/>
</testsuite> <!-- Axeplaywright.Axeplaywright.ChatGPTframwork -->
