<?xml version="1.0" encoding="UTF-8"?>
<!-- Generated by org.testng.reporters.JUnitReportReporter -->
<testsuite hostname="CPC-AP-1QY2UNB9" failures="0" tests="1" name="Axeplaywright.Axeplaywright.NewImplementation" time="19.361" errors="0" timestamp="2025-01-20T17:20:14 IST" skipped="0">
  <testcase classname="Axeplaywright.Axeplaywright.NewImplementation" name="shouldNotHaveAutomaticallyDetectableAccessibilityIssues" time="19.361"/>
</testsuite> <!-- Axeplaywright.Axeplaywright.NewImplementation -->
