<?xml version="1.0" encoding="UTF-8"?>
<!-- Generated by org.testng.reporters.JUnitReportReporter -->
<testsuite hostname="CPC-AP-1QY2UNB9" failures="0" tests="1" name="Axeplaywright.Axeplaywright.HomepageTests" time="46.687" errors="0" timestamp="2025-01-20T13:12:56 IST" skipped="0">
  <testcase classname="Axeplaywright.Axeplaywright.HomepageTests" name="shouldNotHaveAutomaticallyDetectableAccessibilityIssues" time="46.687"/>
</testsuite> <!-- Axeplaywright.Axeplaywright.HomepageTests -->
